2025-04-04 07:55:38.463029 - Received CBT.V508.FILE324.PDS from FILE324.XMI 
2025-04-04 07:55:38.463745 - Found $$$#DATE.txt (text/plain) in CBT.V508.FILE324.PDS, moved to PDS/$$$#DATE
2025-04-04 07:55:38.463910 - Found $$NOTE1.eml (message/rfc822) in CBT.V508.FILE324.PDS, moved to PDS/$$NOTE1
2025-04-04 07:55:38.464060 - Found $RECEIVE.jcl (text/plain) in CBT.V508.FILE324.PDS, moved to PDS/$RECEIVE
2025-04-04 07:55:38.464221 - Found @DOC.doc (application/msword) in CBT.V508.FILE324.PDS, moved to docs/@DOC.doc
2025-04-04 07:55:38.464347 - Found @FILE324.txt (text/plain) in CBT.V508.FILE324.PDS, moved to PDS/@FILE324
2025-04-04 07:55:38.464478 - Found ISPLLIB.xmi (application/xmit) in CBT.V508.FILE324.PDS, moved to PDS/ISPLLIB.xmi
2025-04-04 07:55:38.475588 - Received GJN00.SDS.ISPLLIB from ISPLLIB.xmi 
2025-04-04 07:55:38.475970 - Found GJNHSCC0.bin (application/octet-stream) in GJN00.SDS.ISPLLIB, moved to ISPLLIB/GJNHSCC0
2025-04-04 07:55:38.476112 - Found GJNHSC00.bin (application/octet-stream) in GJN00.SDS.ISPLLIB, moved to ISPLLIB/GJNHSC00
2025-04-04 07:55:38.476472 - Found ISPPLIB.xmi (application/xmit) in CBT.V508.FILE324.PDS, moved to PDS/ISPPLIB.xmi
2025-04-04 07:55:38.626899 - Received GJN00.SDS.ISPPLIB from ISPPLIB.xmi 
2025-04-04 07:55:38.627805 - Found GJNHSCB0.txt (text/plain) in GJN00.SDS.ISPPLIB, moved to ISPPLIB/GJNHSCB0
2025-04-04 07:55:38.627952 - Found GJNHSCC0.txt (text/plain) in GJN00.SDS.ISPPLIB, moved to ISPPLIB/GJNHSCC0
2025-04-04 07:55:38.628081 - Found GJNHSCD0.txt (text/plain) in GJN00.SDS.ISPPLIB, moved to ISPPLIB/GJNHSCD0
2025-04-04 07:55:38.628217 - Found GJNHSCE0.txt (text/plain) in GJN00.SDS.ISPPLIB, moved to ISPPLIB/GJNHSCE0
2025-04-04 07:55:38.628338 - Found GJNHSCF0.txt (text/plain) in GJN00.SDS.ISPPLIB, moved to ISPPLIB/GJNHSCF0
2025-04-04 07:55:38.628455 - Found GJNHSCG0.txt (text/plain) in GJN00.SDS.ISPPLIB, moved to ISPPLIB/GJNHSCG0
2025-04-04 07:55:38.628580 - Found GJNHSC00.txt (text/plain) in GJN00.SDS.ISPPLIB, moved to ISPPLIB/GJNHSC00
2025-04-04 07:55:38.628707 - Found GJNHSC10.txt (text/plain) in GJN00.SDS.ISPPLIB, moved to ISPPLIB/GJNHSC10
2025-04-04 07:55:38.628829 - Found GJNHSC20.txt (text/plain) in GJN00.SDS.ISPPLIB, moved to ISPPLIB/GJNHSC20
2025-04-04 07:55:38.628948 - Found GJNHSC30.txt (text/plain) in GJN00.SDS.ISPPLIB, moved to ISPPLIB/GJNHSC30
2025-04-04 07:55:38.629071 - Found GJNHSC40.txt (text/plain) in GJN00.SDS.ISPPLIB, moved to ISPPLIB/GJNHSC40
2025-04-04 07:55:38.629196 - Found GJNHSC50.txt (text/plain) in GJN00.SDS.ISPPLIB, moved to ISPPLIB/GJNHSC50
2025-04-04 07:55:38.629319 - Found GJNHSC60.txt (text/plain) in GJN00.SDS.ISPPLIB, moved to ISPPLIB/GJNHSC60
2025-04-04 07:55:38.629434 - Found GJNHSC70.txt (text/plain) in GJN00.SDS.ISPPLIB, moved to ISPPLIB/GJNHSC70
2025-04-04 07:55:38.629564 - Found GJNHSC80.txt (text/plain) in GJN00.SDS.ISPPLIB, moved to ISPPLIB/GJNHSC80
2025-04-04 07:55:38.629700 - Found GJNHSC96.txt (text/plain) in GJN00.SDS.ISPPLIB, moved to ISPPLIB/GJNHSC96
